<?xml version="1.0" encoding="UTF-8"?>
<robot generator="Robot 3.2.1 (Python 3.7.4 on win32)" generated="20200719 11:28:58.822" rpa="false">
<suite id="s1" name="Amazon" source="C:\Users\sougar\PycharmProjects\myfile\venv\amazon.robot">
<test id="s1-t1" name="Open Test Website And Close Browser">
<kw name="sample_login" library="myfile.AmazonUI" type="setup">
<status status="PASS" starttime="20200719 11:29:02.033" endtime="20200719 11:29:07.157"></status>
</kw>
<kw name="search item" library="myfile.AmazonUI">
<arguments>
<arg>iphoneX</arg>
</arguments>
<status status="PASS" starttime="20200719 11:29:07.158" endtime="20200719 11:29:07.368"></status>
</kw>
<kw name="select_brand" library="myfile.AmazonUI">
<arguments>
<arg>Apple</arg>
</arguments>
<status status="PASS" starttime="20200719 11:29:07.369" endtime="20200719 11:29:09.629"></status>
</kw>
<kw name="select_screen" library="myfile.AmazonUI">
<arguments>
<arg>5.5</arg>
</arguments>
<status status="PASS" starttime="20200719 11:29:09.629" endtime="20200719 11:29:11.292"></status>
</kw>
<kw name="print_data" library="myfile.AmazonUI">
<status status="PASS" starttime="20200719 11:29:11.292" endtime="20200719 11:29:15.410"></status>
</kw>
<kw name="close_browser" library="myfile.AmazonUI" type="teardown">
<status status="PASS" starttime="20200719 11:29:15.411" endtime="20200719 11:29:17.735"></status>
</kw>
<status status="PASS" starttime="20200719 11:29:02.032" endtime="20200719 11:29:17.736" critical="yes"></status>
</test>
<doc>Simple example for creating keyword resource.</doc>
<status status="PASS" starttime="20200719 11:28:58.825" endtime="20200719 11:29:17.737"></status>
</suite>
<statistics>
<total>
<stat pass="1" fail="0">Critical Tests</stat>
<stat pass="1" fail="0">All Tests</stat>
</total>
<tag>
</tag>
<suite>
<stat pass="1" fail="0" id="s1" name="Amazon">Amazon</stat>
</suite>
</statistics>
<errors>
</errors>
</robot>
